# JRE version: OpenJDK Runtime Environment Temurin-21.0.2+13 (21.0.2+13) (build 21.0.2+13-LTS)
# Java VM: OpenJDK 64-Bit Server VM Temurin-21.0.2+13 (21.0.2+13-LTS, mixed mode, sharing, tiered, compressed oops, compressed class ptrs, g1 gc, windows-amd64)
GC Precious Log:
 CardTable entry size: 512
 Card Set container configuration: InlinePtr #cards 4 size 8 Array Of Cards #cards 32 size 80 Howl #buckets 8 coarsen threshold 7372 Howl Bitmap #cards 1024 size 144 coarsen threshold 921 Card regions per heap region 1 cards per card region 8192
 CPUs: 12 total, 12 available
 Memory: 20151M
 Large Page Support: Disabled
 NUMA Support: Disabled
 Compressed Oops: Enabled (Zero based)
 Heap Region Size: 4M
 Heap Min Capacity: 8M
 Heap Initial Capacity: 316M
 Heap Max Capacity: 5040M
 Pre-touch: Disabled
 Parallel Workers: 10
 Concurrent Workers: 3
 Concurrent Refinement Workers: 10
 Periodic GC: Disabled
Heap:
 garbage-first heap   total 389120K, used 72759K [0x00000006c5000000, 0x0000000800000000)
  region size 4096K, 12 young (49152K), 1 survivors (4096K)
 Metaspace       used 18777K, committed 19072K, reserved 1114112K
  class space    used 2355K, committed 2496K, reserved 1048576K
GC Heap History (20 events):
Event: 10.169 GC heap before
{Heap before GC invocations=16 (full 0):
 garbage-first heap   total 389120K, used 261101K [0x00000006c5000000, 0x0000000800000000)
  region size 4096K, 57 young (233472K), 1 survivors (4096K)
 Metaspace       used 18470K, committed 18816K, reserved 1114112K
  class space    used 2355K, committed 2496K, reserved 1048576K
}
Event: 10.172 GC heap after
{Heap after GC invocations=17 (full 0):
 garbage-first heap   total 389120K, used 31737K [0x00000006c5000000, 0x0000000800000000)
  region size 4096K, 1 young (4096K), 1 survivors (4096K)
 Metaspace       used 18470K, committed 18816K, reserved 1114112K
  class space    used 2355K, committed 2496K, reserved 1048576K
}
Event: 10.445 GC heap before
{Heap before GC invocations=17 (full 0):
 garbage-first heap   total 389120K, used 261113K [0x00000006c5000000, 0x0000000800000000)
  region size 4096K, 57 young (233472K), 1 survivors (4096K)
 Metaspace       used 18571K, committed 18944K, reserved 1114112K
  class space    used 2355K, committed 2496K, reserved 1048576K
}
Event: 10.447 GC heap after
{Heap after GC invocations=18 (full 0):
 garbage-first heap   total 389120K, used 31697K [0x00000006c5000000, 0x0000000800000000)
  region size 4096K, 1 young (4096K), 1 survivors (4096K)
 Metaspace       used 18571K, committed 18944K, reserved 1114112K
  class space    used 2355K, committed 2496K, reserved 1048576K
}
Event: 10.698 GC heap before
{Heap before GC invocations=18 (full 0):
 garbage-first heap   total 389120K, used 261073K [0x00000006c5000000, 0x0000000800000000)
  region size 4096K, 57 young (233472K), 1 survivors (4096K)
 Metaspace       used 18585K, committed 18944K, reserved 1114112K
  class space    used 2355K, committed 2496K, reserved 1048576K
}
Event: 10.699 GC heap after
{Heap after GC invocations=19 (full 0):
 garbage-first heap   total 389120K, used 31667K [0x00000006c5000000, 0x0000000800000000)
  region size 4096K, 1 young (4096K), 1 survivors (4096K)
 Metaspace       used 18585K, committed 18944K, reserved 1114112K
  class space    used 2355K, committed 2496K, reserved 1048576K
}
Event: 10.921 GC heap before
{Heap before GC invocations=19 (full 0):
 garbage-first heap   total 389120K, used 261043K [0x00000006c5000000, 0x0000000800000000)
  region size 4096K, 57 young (233472K), 1 survivors (4096K)
 Metaspace       used 18603K, committed 19008K, reserved 1114112K
  class space    used 2355K, committed 2496K, reserved 1048576K
}
Event: 10.922 GC heap after
{Heap after GC invocations=20 (full 0):
 garbage-first heap   total 389120K, used 31702K [0x00000006c5000000, 0x0000000800000000)
  region size 4096K, 1 young (4096K), 1 survivors (4096K)
 Metaspace       used 18603K, committed 19008K, reserved 1114112K
  class space    used 2355K, committed 2496K, reserved 1048576K
}
Event: 11.175 GC heap before
{Heap before GC invocations=20 (full 0):
 garbage-first heap   total 389120K, used 261078K [0x00000006c5000000, 0x0000000800000000)
  region size 4096K, 57 young (233472K), 1 survivors (4096K)
 Metaspace       used 18669K, committed 19008K, reserved 1114112K
  class space    used 2355K, committed 2496K, reserved 1048576K
}
Event: 11.177 GC heap after
{Heap after GC invocations=21 (full 0):
 garbage-first heap   total 389120K, used 31730K [0x00000006c5000000, 0x0000000800000000)
  region size 4096K, 1 young (4096K), 1 survivors (4096K)
 Metaspace       used 18669K, committed 19008K, reserved 1114112K
  class space    used 2355K, committed 2496K, reserved 1048576K
}
Event: 11.416 GC heap before
{Heap before GC invocations=21 (full 0):
 garbage-first heap   total 389120K, used 261106K [0x00000006c5000000, 0x0000000800000000)
  region size 4096K, 57 young (233472K), 1 survivors (4096K)
 Metaspace       used 18679K, committed 19072K, reserved 1114112K
  class space    used 2355K, committed 2496K, reserved 1048576K
}
Event: 11.417 GC heap after
{Heap after GC invocations=22 (full 0):
 garbage-first heap   total 389120K, used 31743K [0x00000006c5000000, 0x0000000800000000)
  region size 4096K, 1 young (4096K), 1 survivors (4096K)
 Metaspace       used 18679K, committed 19072K, reserved 1114112K
  class space    used 2355K, committed 2496K, reserved 1048576K
}
Event: 11.687 GC heap before
{Heap before GC invocations=22 (full 0):
 garbage-first heap   total 389120K, used 261119K [0x00000006c5000000, 0x0000000800000000)
  region size 4096K, 57 young (233472K), 1 survivors (4096K)
 Metaspace       used 18685K, committed 19072K, reserved 1114112K
  class space    used 2355K, committed 2496K, reserved 1048576K
}
Event: 11.689 GC heap after
{Heap after GC invocations=23 (full 0):
 garbage-first heap   total 389120K, used 31722K [0x00000006c5000000, 0x0000000800000000)
  region size 4096K, 1 young (4096K), 1 survivors (4096K)
 Metaspace       used 18685K, committed 19072K, reserved 1114112K
  class space    used 2355K, committed 2496K, reserved 1048576K
}
Event: 11.945 GC heap before
{Heap before GC invocations=23 (full 0):
 garbage-first heap   total 389120K, used 261098K [0x00000006c5000000, 0x0000000800000000)
  region size 4096K, 57 young (233472K), 1 survivors (4096K)
 Metaspace       used 18700K, committed 19072K, reserved 1114112K
  class space    used 2355K, committed 2496K, reserved 1048576K
}
Event: 11.947 GC heap after
{Heap after GC invocations=24 (full 0):
 garbage-first heap   total 389120K, used 31752K [0x00000006c5000000, 0x0000000800000000)
  region size 4096K, 1 young (4096K), 1 survivors (4096K)
 Metaspace       used 18700K, committed 19072K, reserved 1114112K
  class space    used 2355K, committed 2496K, reserved 1048576K
}
Event: 12.188 GC heap before
{Heap before GC invocations=24 (full 0):
 garbage-first heap   total 389120K, used 261128K [0x00000006c5000000, 0x0000000800000000)
  region size 4096K, 57 young (233472K), 1 survivors (4096K)
 Metaspace       used 18719K, committed 19072K, reserved 1114112K
  class space    used 2355K, committed 2496K, reserved 1048576K
}
Event: 12.190 GC heap after
{Heap after GC invocations=25 (full 0):
 garbage-first heap   total 389120K, used 31734K [0x00000006c5000000, 0x0000000800000000)
  region size 4096K, 1 young (4096K), 1 survivors (4096K)
 Metaspace       used 18719K, committed 19072K, reserved 1114112K
  class space    used 2355K, committed 2496K, reserved 1048576K
}
Event: 12.454 GC heap before
{Heap before GC invocations=25 (full 0):
 garbage-first heap   total 389120K, used 261110K [0x00000006c5000000, 0x0000000800000000)
  region size 4096K, 57 young (233472K), 1 survivors (4096K)
 Metaspace       used 18738K, committed 19072K, reserved 1114112K
  class space    used 2355K, committed 2496K, reserved 1048576K
}
Event: 12.455 GC heap after
{Heap after GC invocations=26 (full 0):
 garbage-first heap   total 389120K, used 31722K [0x00000006c5000000, 0x0000000800000000)
  region size 4096K, 1 young (4096K), 1 survivors (4096K)
 Metaspace       used 18738K, committed 19072K, reserved 1114112K
  class space    used 2355K, committed 2496K, reserved 1048576K
}

